。 679
的 465
我 287
. 210
一 207
了 178
， 173
这 170
是 159
在 147
不 126
们 124
你 122
他 113
有 108
个 97
上 89
到 81
来 72
大 69
要 67
天 66
子 63
出 61
去 60
可 60
？ 59
车 59
好 59
很 57
能 57
中 56
, 56
吗 55
人 55
地 55
以 55
下 54
时 54
那 53
得 52
她 48
请 47
就 45
用 45
里 45
国 44
点 42
多 42
把 41
和 41
行 41
过 41
家 39
路 36
开 35
会 35
看 34
为 34
都 33
些 33
? 32
给 32
道 32
旅 31
面 30
现 30
气 29
常 29
通 29
喜 29
0 29
年 28
美 28
间 28
座 28
起 27
欢 27
种 27
没 26
公 26
物 26
吃 26
太 25
晚 25
成 25
日 25
馆 25
从 25
想 24
生 24
对 24
见 24
小 24
于 24
山 24
饭 23
风 23
走 23
机 23
价 23
向 22
快 22
名 22
外 22
着 22
方 22
已 21
发 21
英 21
今 21
场 21
者 21
所 21
而 21
往 20
别 20
城 20
放 20
餐 20
海 20
边 19
电 19
水 19
分 19
儿 19
期 19
前 19
口 19
位 19
游 19
部 19
条 19
客 18
明 18
花 18
酒 18
早 18
度 18
火 18
进 18
品 18
市 18
服 17
菜 17
正 17
之 17
么 17
如 17
飞 17
定 17
只 17
果 17
重 16
乐 16
格 16
作 16
语 16
做 16
每 16
样 16
色 16
带 16
长 15
喝 15
近 15
经 15
接 15
被 15
许 15
西 15
五 15
学 15
半 15
说 15
达 15
画 15
著 15
员 15
还 15
汽 15
但 15
照 14
表 14
高 14
十 14
心 14
您 14
先 14
空 14
再 14
房 14
河 14
使 14
星 14
展 14
住 14
合 14
店 14
利 14
比 14
- 14
月 14
信 13
谢 13
当 13
光 13
头 13
观 13
园 13
预 13
两 13
动 13
或 13
最 13
让 12
演 12
树 12
船 12
处 12
计 12
南 12
钟 12
什 12
将 12
法 12
东 12
本 12
票 12
雨 12
入 12
各 12
几 12
件 12
同 12
意 12
费 12
也 12
因 12
受 12
次 12
班 12
字 12
感 11
四 11
流 11
午 11
张 11
金 11
钱 11
数 11
款 11
石 11
北 11
元 11
1 11
爱 11
衣 11
伦 11
共 11
院 11
剧 11
孩 11
书 11
后 11
、 11
提 11
季 10
杯 10
布 10
土 10
业 10
单 10
街 10
教 10
顶 10
该 10
穿 10
代 10
买 10
确 10
非 10
务 10
质 10
量 10
怎 10
全 10
希 10
记 10
手 10
乘 10
敦 10
程 10
女 10
影 10
参 10
它 10
辆 10
收 10
供 10
由 10
茶 9
示 9
告 9
平 9
安 9
打 9
湖 9
相 9
灯 9
烟 9
保 9
问 9
冷 9
自 9
应 9
食 9
必 9
便 9
知 9
付 9
无 9
亚 9
5 9
特 9
8 9
认 9
否 9
报 9
古 9
直 9
麽 9
站 9
准 9
才 9
商 9
建 9
此 9
形 9
夏 8
掉 8
写 8
白 8
片 8
事 8
香 8
哪 8
假 8
医 8
德 8
情 8
瓶 8
装 8
周 8
约 8
冰 8
镑 8
设 8
备 8
音 8
适 8
味 8
迟 8
落 8
举 8
球 8
夜 8
身 8
斯 8
息 8
转 8
望 8
术 8
式 8
变 8
诉 8
民 8
理 8
其 8
门 7
护 7
玩 7
包 7
草 7
堡 7
木 7
！ 7
牛 7
室 7
内 7
吸 7
害 7
话 7
马 7
堂 7
卡 7
似 7
塔 7
何 7
实 7
满 7
熟 7
六 7
士 7
於 7
办 7
登 7
换 7
找 7
线 7
贵 7
林 7
咖 7
订 7
较 7
至 7
拍 7
户 7
降 7
证 7
舞 7
候 7
新 7
交 7
份 7
更 7
步 7
丽 7
景 7
图 7
并 7
精 7
幅 7
制 7
三 7
节 7
岛 7
台 7
文 7
指 7
目 7
觉 6
视 6
眼 6
祝 6
途 6
源 6
关 6
号 6
雪 6
黑 6
饮 6
故 6
运 6
然 6
忙 6
差 6
! 6
渡 6
干 6
铁 6
货 6
块 6
2 6
险 6
忘 6
洲 6
象 6
沙 6
少 6
未 6
越 6
叫 6
听 6
淡 6
6 6
姐 6
列 6
工 6
真 6
啡 6
礼 6
总 6
速 6
取 6
具 6
众 6
吹 6
轻 6
窗 6
热 6
巴 6
除 6
八 6
温 6
加 6
晴 6
随 6
容 6
峡 6
留 6
休 6
造 6
租 6
区 6
离 6
例 6
购 6
力 6
罗 6
老 6
尔 6
与 6
— 6
笑 5
愉 5
姓 5
顺 5
极 5
墙 5
静 5
豆 5
牙 5
毛 5
绕 5
神 5
吧 5
宜 5
康 5
宫 5
划 5
红 5
附 5
兰 5
立 5
等 5
匆 5
坐 5
持 5
屋 5
阳 5
京 5
航 5
米 5
汁 5
拿 5
需 5
危 5
存 5
脚 5
晨 5
紧 5
原 5
体 5
克 5
胜 5
化 5
邮 5
局 5
洋 5
广 5
4 5
推 5
後 5
始 5
寄 5
3 5
二 5
零 5
活 5
巧 5
右 5
驶 5
售 5
世 5
界 5
解 5
完 5
刻 5
司 5
导 5
产 5
赛 5
显 5
百 5
宝 5
标 5
筑 5
够 5
（ 5
） 5
结 5
论 5
免 5
厅 5
史 5
性 5
远 5
尽 5
托 5
糕 4
群 4
散 4
舒 4
蛇 4
盘 4
陆 4
泥 4
羊 4
夫 4
曲 4
双 4
酱 4
慢 4
终 4
雾 4
箱 4
谷 4
鸡 4
肉 4
废 4
懂 4
及 4
激 4
派 4
决 4
尾 4
宽 4
即 4
倒 4
领 4
熊 4
久 4
响 4
急 4
待 4
； 4
暖 4
猫 4
整 4
州 4
洗 4
须 4
辣 4
鱼 4
消 4
切 4
惊 4
黎 4
签 4
塞 4
支 4
苹 4
严 4
谈 4
趣 4
览 4
组 4
堵 4
销 4
主 4
兴 4
值 4
煮 4
抵 4
盖 4
缓 4
弯 4
麦 4
错 4
宾 4
翻 4
戏 4
统 4
摄 4
延 4
居 4
族 4
系 4
艺 4
减 4
痛 4
伤 4
冬 4
纪 4
料 4
幕 4
峰 4
项 4
据 4
奏 4
湾 4
万 4
优 4
谁 4
难 4
拉 4
伯 4
停 4
址 4
码 4
历 4
管 4
助 4
层 4
联 4
磨 4
引 4
顿 4
9 4
却 4
乎 4
碎 3
超 3
功 3
踏 3
刷 3
环 3
亮 3
鲜 3
盛 3
啤 3
营 3
患 3
恶 3
吐 3
愿 3
复 3
健 3
套 3
鞋 3
抱 3
器 3
彩 3
跑 3
又 3
湿 3
类 3
积 3
阵 3
纸 3
芽 3
泉 3
炸 3
病 3
赶 3
迎 3
言 3
奶 3
甜 3
末 3
伞 3
泳 3
求 3
腊 3
欧 3
胡 3
粉 3
递 3
漠 3
莱 3
村 3
侍 3
排 3
招 3
跟 3
拨 3
帐 3
跳 3
低 3
寒 3
饰 3
森 3
迷 3
专 3
送 3
迹 3
溶 3
传 3
油 3
肠 3
微 3
申 3
摸 3
友 3
裤 3
阻 3
丢 3
替 3
罚 3
昨 3
操 3
桥 3
醒 3
爬 3
港 3
博 3
禁 3
止 3
读 3
纽 3
岸 3
趟 3
易 3
育 3
朗 3
回 3
赞 3
集 3
殿 3
楼 3
骑 3
队 3
腰 3
左 3
仍 3
误 3
脑 3
断 3
评 3
富 3
退 3
税 3
暴 3
漫 3
失 3
挖 3
币 3
枚 3
剩 3
首 3
烫 3
母 3
珠 3
粘 3
蓝 3
洞 3
死 3
尺 3
顾 3
遗 3
帆 3
段 3
像 3
针 3
钻 3
淇 3
淋 3
贝 3
春 3
伊 3
沿 3
偷 3
般 3
玛 3
普 3
习 3
围 3
遭 3
乡 3
致 3
算 3
九 3
选 3
查 3
俗 3
若 3
尤 3
葡 3
萄 3
典 3
镇 3
岔 3
练 3
答 3
尝 3
训 3
皇 3
修 3
冒 2
糟 2
牢 2
困 2
猜 2
胃 2
频 2
践 2
厚 2
拜 2
诸 2
沟 2
泡 2
漆 2
尚 2
溪 2
清 2
澈 2
呕 2
讲 2
邀 2
潮 2
勿 2
坪 2
尊 2
拥 2
蕉 2
薄 2
蜡 2
烛 2
袅 2
试 2
墟 2
莓 2
幸 2
衷 2
妹 2
旁 2
增 2
棋 2
帽 2
戴 2
睡 2
属 2
创 2
糖 2
廊 2
坚 2
硬 2
椒 2
丘 2
况 2
按 2
铃 2
钥 2
匙 2
呢 2
兑 2
旱 2
底 2
障 2
劣 2
酸 2
珍 2
夹 2
晒 2
卧 2
阴 2
暗 2
闪 2
耀 2
思 2
板 2
笔 2
汤 2
启 2
染 2
钓 2
血 2
千 2
皱 2
秋 2
配 2
滑 2
宿 2
乌 2
呱 2
封 2
借 2
斜 2
药 2
痰 2
轨 2
麻 2
警 2
察 2
辉 2
煌 2
折 2
琼 2
唱 2
贴 2
擦 2
乾 2
额 2
呼 2
蒜 2
凑 2
填 2
函 2
碰 2
破 2
驾 2
义 2
桃 2
估 2
华 2
七 2
呈 2
坡 2
酪 2
烈 2
波 2
浪 2
撞 2
汇 2
靠 2
称 2
伸 2
扎 2
罩 2
第 2
威 2
改 2
级 2
续 2
耽 2
搁 2
露 2
译 2
职 2
余 2
财 2
效 2
衫 2
询 2
栏 2
纳 2
控 2
谱 2
粥 2
深 2
掘 2
测 2
罕 2
樱 2
蔬 2
拐 2
射 2
症 2
投 2
卫 2
碗 2
念 2
碑 2
允 2
遇 2
庆 2
帮 2
坑 2
洼 2
倍 2
魔 2
廉 2
索 2
浅 2
滩 2
抽 2
松 2
轮 2
券 2
叶 2
夷 2
喷 2
岩 2
穴 2
玉 2
任 2
摇 2
纬 2
黄 2
《 2
》 2
绘 2
徵 2
谨 2
返 2
陀 2
织 2
埃 2
逐 2
阿 2
戒 2
咱 2
凉 2
旧 2
壳 2
际 2
志 2
猛 2
兜 2
父 2
亲 2
命 2
男 2
握 2
坦 2
科 2
攀 2
溢 2
氛 2
脱 2
猎 2
忽 2
略 2
足 2
液 2
泊 2
桌 2
寻 2
聚 2
哗 2
刊 2
杂 2
己 2
貌 2
拖 2
混 2
良 2
衬 2
夕 2
蛋 2
检 2
守 2
限 2
坏 2
震 2
怨 2
王 2
" 2
厉 2
型 2
输 2
庙 2
社 2
汉 2
束 2
寓 2
床 2
疯 2
烘 2
择 2
径 2
巨 2
访 2
圣 2
细 2
瓷 2
柜 2
批 2
田 2
莫 2
｀ 2
＇ 2
： 2
琴 2
妈 2
忆 2
曼 2
尼 2
稳 2
恰 2
隔 2
纷 2
采 2
瓜 2
e 2
t 2
o 2
奖 2
蹈 2
雷 2
雅 2
翅 2
膀 2
升 2
昼 1
闩 1
嘲 1
眨 1
橘 1
竹 1
叉 1
插 1
跪 1
槽 1
怒 1
吼 1
剃 1
互 1
闹 1
柿 1
辞 1
虹 1
校 1
煤 1
幽 1
烧 1
汲 1
井 1
涌 1
甘 1
矗 1
福 1
锻 1
炼 1
桶 1
丈 1
充 1
软 1
冻 1
党 1
厌 1
嚼 1
蘑 1
菇 1
姜 1
盆 1
饼 1
番 1
茄 1
遍 1
锁 1
【 1
谚 1
】 1
滚 1
苔 1
醇 1
茵 1
庄 1
横 1
壁 1
垒 1
彻 1
摧 1
毁 1
篷 1
脉 1
搏 1
斤 1
厕 1
融 1
怕 1
壶 1
杀 1
犯 1
筷 1
聊 1
域 1
李 1
葱 1
醋 1
煎 1
挤 1
蜥 1
蜴 1
仿 1
佛 1
奥 1
闻 1
锦 1
羚 1
缎 1
溜 1
[ 1
] 1
畅 1
膳 1
鸦 1
薯 1
腐 1
烂 1
萨 1
咳 1
嗽 1
含 1
祛 1
剂 1
飘 1
籽 1
阑 1
霉 1
律 1
醉 1
逆 1
捎 1
巾 1
陌 1
拒 1
绝 1
讨 1
焦 1
炭 1
碳 1
匠 1
拼 1
净 1
移 1
触 1
执 1
敌 1
傍 1
烤 1
氏 1
覆 1
倾 1
强 1
嫩 1
悬 1
崖 1
击 1
基 1
幢 1
赏 1
壮 1
战 1
幼 1
忌 1
郎 1
虽 1
亭 1
谅 1
窄 1
脸 1
私 1
介 1
绍 1
朋 1
瘦 1
争 1
纤 1
维 1
涂 1
牌 1
膏 1
厂 1
敏 1
题 1
欲 1
振 1
独 1
缩 1
龄 1
咨 1
杆 1
尖 1
艘 1
燕 1
密 1
探 1
唇 1
鹿 1
注 1
疼 1
胸 1
脏 1
状 1
孔 1
臂 1
腿 1
喂 1
咸 1
7 1
瀑 1
悲 1
妇 1
婆 1
仆 1
呆 1
铅 1
邻 1
酬 1
兔 1
狐 1
狸 1
刚 1
皮 1
肤 1
纹 1
帘 1
逸 1
担 1
姑 1
迁 1
妙 1
窃 1
贼 1
髦 1
黯 1
晶 1
链 1
令 1
啊 1
暑 1
闭 1
序 1
映 1
蔚 1
瓣 1
绽 1
叮 1
嘱 1
熔 1
渴 1
绿 1
褐 1
勃 1
慎 1
吉 1
芭 1
蕾 1
网 1
俱 1
释 1
歇 1
笛 1
肯 1
仔 1
载 1
吨 1
阁 1
脾 1
锄 1
肥 1
胖 1
端 1
稀 1
墅 1
奉 1
均 1
厘 1
云 1
拱 1
乃 1
杭 1
悠 1
赤 1
挺 1
裸 1
椅 1
唐 1
朝 1
寿 1
忍 1
盼 1
获 1
伟 1
究 1
竟 1
丁 1
旬 1
浆 1
靴 1
泰 1
晤 1
茨 1
沃 1
陵 1
膝 1
凝 1
固 1
哎 1
哟 1
识 1
野 1
劫 1
鞭 1
炮 1
章 1
根 1
廷 1
委 1
辐 1
雇 1
岭 1
享 1
疗 1
雕 1
羞 1
敢 1
饱 1
肚 1
钞 1
纺 1
藏 1
挑 1
遵 1
恢 1
讶 1
摩 1
睛 1
悦 1
仙 1
架 1
携 1
挪 1
占 1
凳 1
啦 1
朵 1
莅 1
临 1
颠 1
岁 1
铭 1
悉 1
倘 1
辰 1
献 1
且 1
鼻 1
涕 1
调 1
仓 1
促 1
规 1
责 1
虎 1
锐 1
连 1
声 1
滤 1
踩 1
刹 1
瑕 1
疵 1
哇 1
乱 1
避 1
渐 1
丰 1
势 1
弱 1
唯 1
范 1
屿 1
师 1
闸 1
编 1
衔 1
苦 1
陪 1
糊 1
晃 1
沉 1
淀 1
搅 1
芳 1
喱 1
扰 1
席 1
摆 1
缚 1
眠 1
洒 1
权 1
雀 1
鸟 1
灾 1
措 1
施 1
简 1
狂 1
惜 1
躲 1
寺 1
农 1
踢 1
透 1
诞 1
迫 1
翼 1
拓 1
荒 1
哥 1
镜 1
另 1
挂 1
详 1
梨 1
芹 1
惦 1
菠 1
益 1
拾 1
暂 1
娱 1
搞 1
掌 1
稍 1
辛 1
佐 1
则 1
卖 1
骗 1
淹 1
庭 1
辅 1
棕 1
榈 1
置 1
弹 1
钢 1
伴 1
梭 1
妨 1
逝 1
繁 1
惬 1
搭 1
妻 1
敞 1
蒙 1
紫 1
缆 1
渔 1
埠 1
背 1
灰 1
伙 1
防 1
仲 1
句 1
甚 1
沼 1
泽 1
割 1
畔 1
佳 1
押 1
承 1
宣 1
册 1
烹 1
饪 1
寸 1
妥 1
凌 1
歌 1
杨 1
遮 1
兹 1
录 1
: 1
协 1
异 1
羽 1
绒 1
褥 1
吵 1
簿 1
· 1
爵 1
邦 1
括 1
籍 1
宗 1
仪 1
武 1
初 1
斗 1
筒 1
嘴 1
笨 1
械 1
S 1
h 1
r 1
a 1
n 1
H 1
l 1
荷 1
拦 1
垦 1
顷 1
耕 1
牧 1
扣 1
颖 1
卢 1
帝 1
省 1
５ 1
０ 1
谓 1
议 1
“ 1
” 1
颁 1
屏 1
峻 1
蒂 1
曾 1
逃 1
熄 1
灭 1
菲 1
涅 1
狄 1
跨 1
奇 1
宅 1
仅 1
