。 679
的 460
. 208
我 187
， 173
了 166
是 126
你 118
在 118
他 90
我们 84
？ 59
, 56
吗 54
她 48
有 44
把 39
不 36
去 36
和 36
就 35
很 34
这 32
? 32
请 32
上 32
这个 31
都 30
要 29
到 27
能 26
好 25
一个 25
喜欢 24
给 22
可以 22
里 20
从 20
中 19
那 18
吃 18
来 17
他们 17
得 17
对 17
没有 16
想 15
用 15
现在 15
人 15
而 15
时 15
已 14
这座 14
为 14
个 14
这些 13
地方 13
但 13
让 12
一 12
会 12
今天 12
走 11
旅馆 11
那个 11
、 11
时间 11
被 10
起来 10
您 10
着 10
一种 10
伦敦 10
也 10
可能 10
如果 10
看 9
向 9
房间 9
于 9
做 9
许多 9
下 9
麽 9
一些 9
不要 8
明天 8
一下 8
使 8
将 8
说 8
火车 8
可 8
画 8
知道 8
再 8
很多 8
以 8
是否 8
美元 8
国家 8
点 7
！ 7
於 7
中国 7
这件 7
衣服 7
或 7
非常 7
城市 7
它 7
-- 7
还是 7
人们 7
很快 7
不能 7
天气 7
因为 7
太 6
年 6
这儿 6
别 6
教堂 6
想要 6
! 6
不好 6
带 6
饭店 6
窗户 6
晚会 6
举行 6
飞机 6
游客 6
孩子 6
们 6
公共汽车 6
什 6
希望 6
一座 6
得到 6
东西 6
这家 6
过 6
告诉 6
与 6
— 6
夏季 5
护照 5
先生 5
菜单 5
多 5
有些 5
正在 5
今年 5
日本 5
展出 5
货物 5
需要 5
该 5
这种 5
菜 5
钱 5
一点 5
叫 5
著 5
过去 5
价格 5
咖啡 5
英镑 5
这是 5
道路 5
所有 5
参观 5
就是 5
休息 5
图书馆 5
电影 5
公园 5
一次 5
名字 5
英国 5
才 5
旅行 5
由 5
（ 5
） 5
提供 5
这里 5
还 5
大 5
更 5
并 5
喝茶 4
出示 4
觉得 4
已经 4
晚上 4
演出 4
城堡 4
掉 4
船 4
经常 4
吸烟 4
附近 4
一张 4
医生 4
什么 4
瓶子 4
决定 4
质量 4
只有 4
些 4
危险 4
别忘了 4
街道 4
乘客 4
不得 4
铁路 4
出 4
； 4
英语 4
使用 4
买 4
没 4
必须 4
推迟 4
早晨 4
日子 4
条 4
有个 4
接受 4
现金 4
河 4
座位 4
参加 4
剧院 4
後 4
这条 4
抵达 4
那辆 4
开往 4
那里 4
吧 4
各种 4
安全 4
写 4
汽车 4
认为 4
观众 4
比赛 4
开放 4
前 4
冬天 4
大多数 4
喝酒 4
准备 4
通过 4
美丽 4
谁 4
旅客 4
一定 4
最 4
地址 4
免费 4
车站 4
向导 4
你们 4
所以 4
表演 3
晚饭 3
祝 3
旅途愉快 3
湖面 3
土豆 3
蛇 3
接近 3
啤酒 3
气 3
健康 3
喝 3
再见 3
感谢 3
计划 3
请问 3
看到 3
路上 3
又 3
冷 3
山顶 3
花 3
箱子 3
应该 3
作 3
晚餐 3
当然 3
四点 3
钟 3
德语 3
到达 3
法国 3
确实 3
熟 3
飞往 3
花园 3
20 3
付款 3
欧洲 3
南部 3
那么 3
一样 3
沙漠 3
多少 3
只 3
侍者 3
拿 3
拨 3
100 3
找 3
五 3
镑 3
品质 3
熊猫 3
适合 3
太阳 3
看看 3
森林 3
谢谢 3
邮局 3
特别 3
味道 3
预订 3
保存 3
较 3
香肠 3
怎样 3
鱼 3
天空 3
音乐 3
速度 3
巴黎 3
开始 3
降落 3
通道 3
气候 3
穿 3
设计 3
中餐 3
之外 3
因 3
我要 3
支票 3
开车 3
苹果 3
美国 3
以外 3
见到 3
下午 3
峡谷 3
渡船 3
以前 3
仍 3
销售 3
正常 3
收到 3
今晚 3
这出 3
信用卡 3
面包 3
司机 3
一块 3
这幅 3
地区 3
一枚 3
出租车 3
地 3
对不起 3
下去 3
每天 3
用来 3
空气 3
商店 3
珠宝 3
据 3
只能 3
一条 3
景色 3
比 3
先 3
所 3
照顾 3
由于 3
服务 3
冰淇淋 3
不论 3
著名 3
做成 3
两个 3
派 3
将要 3
餐厅 3
历史 3
后 3
受到 3
一边 3
女孩 3
每年 3
食物 3
便宜 3
付 3
这么 3
其他 3
合适 3
国外 3
当 3
建筑物 3
其 3
答应 3
一直 3
看见 3
大家 3
却 3
一幅 3
哪 3
似乎 3
进入 3
西南 3
红茶 3
它们 3
这边 2
猜 2
人群 2
舒服 2
姓名 2
一路平安 2
一路顺风 2
谢谢您 2
墙 2
相当 2
牙刷 2
树上 2
陆地 2
湖 2
树木 2
环绕 2
祝您 2
一片 2
鲜花 2
十分 2
清澈 2
营业 2
呕吐 2
有害 2
邀请 2
草坪 2
上午 2
行 2
街上 2
有人 2
酱 2
五分钟 2
房子 2
卡车 2
类似 2
发出 2
一阵 2
度假 2
纸 2
薄雾 2
木头 2
一半 2
早 2
常 2
一会儿 2
我能 2
试穿 2
塔 2
废墟 2
现代 2
日语 2
差 2
机场 2
衷心 2
语言 2
坐在 2
旁边 2
一点儿 2
持有 2
帽子 2
不太好 2
牛奶 2
阳光 2
东京 2
周末 2
预约 2
各地 2
游泳 2
不必 2
递给 2
一瓶 2
酒 2
存放 2
发源 2
位 2
山脚下 2
灯 2
懂得 2
淡 2
钥匙 2
呢 2
成 2
美金 2
招手 2
跟 2
故障 2
预定 2
暖和 2
黑 2
一件 2
姐姐 2
一同 2
晒 2
无人 2
卧室 2
早上 2
迷路 2
意思 2
工作 2
前面 2
吃饭 2
亚洲 2
广州 2
怎么样 2
预先 2
总共 2
面条 2
放 2
星期六 2
启程 2
寒冷 2
服务员 2
中午 2
听众 2
大约 2
6 2
秋天 2
溶化 2
申请 2
签证 2
处 2
寄 2
那条 2
十二点 2
午饭 2
影响 2
借给 2
气球 2
米饭 2
这列 2
街 2
小 2
警察 2
大街 2
灯火辉煌 2
住 2
一家 2
代替 2
通行证 2
者 2
入内 2
罚款 2
之前 2
一口 2
流利 2
琼斯 2
晴天 2
桥 2
通行 2
墙上 2
消息 2
爬山 2
面积 2
两次 2
旅游者 2
乐园 2
博物馆 2
间 2
交通 2
蒜 2
纽约 2
点儿 2
主要 2
对岸 2
品种 2
航班 2
晚 2
小时 2
小城 2
乘 2
时候 2
何时 2
到期 2
本 2
书 2
天气预报 2
这张 2
煮 2
至 2
估计 2
德里 2
个人 2
呈 2
港口 2
宫殿 2
四周 2
屋顶 2
骑 2
自行车 2
长 2
北京 2
山 2
明信片 2
大雨 2
耽搁 2
行程 2
愉快 2
全世界 2
翻译 2
戏 2
星期日 2
完全 2
火车站 2
爱好者 2
带来 2
快乐 2
有效期 2
这所 2
居住 2
酒精 2
退还给 2
种族 2
堵住 2
50 2
随着 2
表现 2
海上 2
入口 2
早餐 2
小路 2
挖掘 2
准时到达 2
蔬菜 2
拐 2
右边 2
严重 2
过河 2
鞋子 2
例如 2
喜爱 2
下星期 2
干 2
一辆 2
出租汽车 2
忘 2
学法语 2
我用 2
纪念碑 2
允许 2
常见 2
盘子 2
烫 2
真 2
一大 2
杯 2
月光 2
起 2
帮 2
下来 2
变得 2
下降 2
步行 2
廉价 2
显得 2
愿意 2
上海 2
报道 2
月 2
建筑风格 2
起源于 2
古希腊 2
此 2
购买 2
山上 2
夏天 2
每 2
洞穴 2
台湾 2
任何 2
高 2
飞行 2
好好 2
车辆 2
行驶 2
倒 2
果汁 2
变成 2
文字 2
《 2
》 2
绘画 2
天才 2
象 2
顺着 2
半价 2
帆船 2
运动 2
往返 2
不同 2
一部 2
埃及 2
昨天 2
像 2
发明 2
电话 2
指南针 2
老 2
外国 2
这辆 2
最大 2
各位 2
饮料 2
进来 2
一年 2
生活 2
钻石戒指 2
电话号码 2
咱们 2
凉快 2
屋子 2
一段 2
就要 2
进 2
风格 2
贝壳 2
那些 2
春季 2
展示 2
汽水 2
路 2
地图 2
路线 2
问 2
脚 2
通常 2
放在 2
伤口 2
父亲 2
走过 2
一部分 2
市民 2
普通 2
本市 2
新 2
才能 2
很远 2
身上 2
气氛 2
尽管 2
那位 2
或许 2
宽 2
剩下 2
以后 2
蓝色 2
周围 2
湖泊 2
北部 2
标准 2
沙子 2
等 2
遭到 2
寻找 2
一下子 2
自己 2
家 2
艺术 2
带领 2
拖延 2
找到 2
餐馆 2
不用 2
快 2
抱怨 2
道理 2
组成 2
" 2
尤其 2
头痛 2
也好 2
最好 2
画家 2
举办 2
患 2
不了 2
费用 2
习俗 2
只好 2
市中心 2
运行 2
设想 2
代 2
近来 2
出来 2
若 2
感兴趣 2
联系 2
这样 2
三天 2
大陆 2
动身 2
一起 2
一头 2
小径 2
具有 2
例外 2
巨大 2
这场 2
皇家 2
访问 2
受 2
发现 2
瓷器 2
价钱 2
来到 2
岔路 2
出国 2
半小时 2
有点 2
拍摄 2
｀ 2
＇ 2
只得 2
古老 2
： 2
土地 2
医院 2
但是 2
变动 2
如此 2
塔斯曼 2
要不是 2
下雨 2
意大利 2
然后 2
大厅 2
吹来 2
风 2
来说 2
可用 2
离开 2
以来 2
山峰 2
方式 2
村子 2
舒适 2
宝石 2
旅游 2
公司 2
或者 2
地点 2
制造 2
价目表 2
城镇 2
始于 2
甜点 2
离 2
餐车 2
舞蹈 2
雷达 2
玛雅 2
翅膀 2
零点 2
感冒 1
糟糕 1
昼长 1
杯子 1
碎 1
门闩 1
不牢 1
上路 1
嘲笑 1
很困 1
请往 1
散开 1
近视眼 1
高超 1
近 1
四十 1
请客 1
告别 1
胃 1
玩得 1
开心 1
眨眼 1
电源 1
关掉 1
大写 1
视频信号 1
布 1
打成 1
包 1
极为 1
成功 1
践踏 1
草地 1
厚 1
橘子水 1
平静 1
竹子 1
中空 1
叉子 1
插 1
毛 1
盘绕在 1
跪拜 1
诸神 1
沟槽 1
泥 1
羊毛 1
雪白 1
公牛 1
怒吼 1
灯泡 1
不亮 1
室内 1
漆黑 1
到处 1
盛开 1
和尚 1
剃光头 1
溪流 1
酒吧 1
对外 1
患感冒 1
恶心 1
这水 1
不宜 1
饮用 1
行为 1
愿 1
早日康复 1
夫人 1
不许 1
讲话 1
当心 1
保重 1
乐曲 1
高潮 1
请勿践踏 1
去过 1
故宫 1
一双 1
套鞋 1
南美 1
尊姓大名 1
互相 1
拥抱 1
闹事 1
西红柿 1
电器 1
告辞 1
彩虹 1
表慢 1
马在 1
小跑 1
学校 1
湿 1
运煤 1
大蕉 1
香蕉 1
终年 1
积雪 1
幽香 1
哪里 1
河上 1
放流 1
他出 1
生于 1
英格兰 1
蜡烛 1
已烧 1
喝一杯 1
冷饮 1
发芽 1
自来水 1
接通 1
多重 1
汲之井涌 1
甘泉 1
山谷 1
袅袅 1
炸鸡肉 1
生病 1
矗立 1
黑莓 1
城 1
外观 1
星期 1
他会 1
忙 1
等到 1
金钱 1
买不来 1
幸福 1
匆匆 1
赶往 1
欢迎 1
妹妹 1
懂 1
及时 1
事情 1
进行 1
如何 1
非常感激 1
开 1
玩笑 1
锻炼 1
增进 1
下棋 1
没戴正 1
数学 1
划船 1
渡过 1
装满 1
水 1
一桶 1
丈夫 1
睡得 1
屋子里 1
充满 1
软冻 1
甜食 1
属于 1
哪一 1
党派 1
出差 1
起航 1
前往 1
单干 1
创业 1
鸡尾酒会 1
厌恶 1
嚼 1
口香糖 1
务必 1
用点 1
蘑菇 1
宽度 1
六米 1
画廊 1
姜汁 1
拿到 1
火车票 1
盆子 1
铁 1
糕饼 1
每块 1
便士 1
分类 1
位子 1
中途下车 1
番茄汁 1
雨伞 1
可放 1
入口处 1
六点 1
出发 1
怎么办 1
游遍 1
全国 1
东面 1
河里 1
好吃 1
要求 1
立即 1
走时 1
锁门 1
倒杯茶 1
希腊 1
位于 1
起得 1
冰象 1
石头 1
坚硬 1
胡椒粉 1
沙丘 1
【 1
谚 1
】 1
滚石 1
不生 1
苔 1
花生酱 1
领事馆 1
周日 1
办公 1
定价 1
过高 1
从未见过 1
北极熊 1
越久越 1
醇 1
莱茵河 1
何处 1
村庄 1
照亮 1
法语 1
牛排 1
几分 1
听到 1
晨钟 1
响 1
请来 1
两杯 1
登记 1
住进 1
情况紧急 1
时请 1
按铃 1
接待处 1
可兑换 1
日元 1
非洲 1
干旱 1
高原 1
彩色 1
电视机 1
接线员 1
横过 1
壁垒 1
彻底 1
摧毁 1
几排 1
帐篷 1
起点 1
通风设备 1
脉搏 1
跳得 1
很慢 1
低劣 1
寒酸 1
爱人 1
很会 1
做饭 1
穿着 1
一套 1
西装 1
珍贵 1
动物 1
体重 1
60 1
公斤 1
夹克 1
流行音乐 1
厕所 1
装饰 1
名胜 1
整个 1
阴天 1
盛情款待 1
专程 1
来看 1
列入 1
名单 1
灯光 1
黑暗 1
闪耀 1
雪 1
融化 1
明白 1
一所 1
中学 1
邮票 1
黑板 1
教室 1
害怕 1
真正 1
专家 1
一壶 1
杀害 1
犯法 1
人用 1
筷子 1
心情 1
聊天 1
海洋 1
广大 1
水域 1
东部 1
阵雨 1
礼拜天 1
洗车 1
面对现实 1
行李 1
送出 1
5.40 1
看不懂 1
笔迹 1
洋葱 1
汤里 1
鸡肉 1
速溶 1
醋 1
来信 1
传真 1
油煎 1
美极了 1
辣椒 1
取消 1
确切 1
女服务员 1
落日 1
染成 1
金色 1
带上 1
钓具 1
小费 1
怎么 1
挤 1
前後走 1
蜥蜴 1
冷血动物 1
至少 1
五千 1
微风 1
吹 1
皱 1
点半来 1
接 1
雪花 1
轻轻 1
拍打着 1
仿佛 1
似的 1
奥地利 1
闻名 1
这盘 1
配有 1
什锦 1
泡菜 1
8 1
羚羊 1
跑 1
惊人 1
热咖啡 1
糖 1
正向 1
领事 1
缎子 1
摸 1
滑溜 1
[ 1
] 1
畅通 1
跳个 1
舞好 1
友人 1
膳宿 1
乌鸦 1
呱呱叫 1
马铃薯泥 1
河长 1
300 1
公里 1
出去 1
封记 1
腐烂 1
裤子 1
太紧 1
五美元 1
有名 1
比萨 1
斜 1
咳嗽药 1
含有 1
祛痰剂 1
最新 1
土豆泥 1
空中 1
飘过 1
常有 1
半夜 1
出轨 1
交通阻塞 1
空儿 1
亚麻 1
籽油 1
食用 1
住院 1
切除 1
阑尾 1
大雾 1
身份证 1
倒霉 1
丢 1
开饭 1
进同 1
一律 1
八五折 1
确认 1
无 1
醉酒 1
逆流而上 1
捎 1
口信 1
可替 1
更换 1
未成熟 1
酸 1
昨夜 1
温度 1
零下 1
五度 1
出门 1
关严 1
操 1
演唱 1
满座 1
看上去 1
户外活动 1
食品 1
应 1
低温 1
我醒 1
很迟 1
海报 1
贴 1
转告 1
谈话 1
乐趣 1
名胜古迹 1
假装 1
游览 1
毛巾 1
把手 1
擦乾 1
送礼物 1
每星期 1
上学时 1
同一 1
班 1
香港 1
面向 1
两组 1
交通灯 1
同步 1
办公室 1
禁止 1
从头至尾 1
读 1
那书 1
金额 1
共计 1
230 1
城里 1
天天 1
堵塞 1
过份 1
相信 1
陌生人 1
推销员 1
拒绝 1
讨价还价 1
呼出 1
味 1
州 1
这菜 1
再加 1
焦炭 1
成分 1
碳 1
游到 1
巧 1
木匠 1
我该 1
先买 1
哪个 1
拼 1
姓 1
这瓶 1
净重 1
180 1
克 1
剧场 1
一天 1
两场 1
凑巧 1
填写 1
随函 1
附上 1
之 1
表格 1
往右边 1
移 1
日夜 1
班次 1
直达 1
那趟 1
碰 1
容易 1
破碎 1
尚 1
五英里 1
油漆未乾 1
请勿 1
触摸 1
有格 1
白纸 1
班机 1
驾驶执照 1
教育 1
意义 1
高兴 1
地里 1
放羊 1
放假 1
星星 1
晴朗 1
夜空 1
闪亮 1
值得 1
照片 1
人眼 1
特写 1
功夫 1
无敌 1
傍晚 1
时能 1
回来 1
真是 1
激动人心 1
可先 1
半熟 1
烤 1
胡桃木 1
正午 1
赞成 1
炸 1
气温 1
华氏 1
七十 1
度 1
覆盖 1
冰 1
缓坡 1
河边 1
倾斜 1
干酪 1
散发出 1
强烈 1
气味 1
展现 1
脚下 1
大树 1
小树 1
长出 1
嫩芽 1
海水 1
拍打 1
悬崖 1
底部 1
波浪 1
撞击 1
墙基 1
汇集 1
这幢 1
楼房 1
牢靠 1
赞赏 1
壮丽 1
山景 1
比利时 1
被称作 1
战场 1
一骑 1
直 1
伸展到 1
河岸 1
登山队员 1
半山腰 1
扎营 1
日落 1
玩具店 1
幼儿 1
店员 1
穿著 1
白色 1
罩衣 1
一点钟 1
第二个 1
转弯处 1
向左转 1
喝杯 1
麦芽 1
威士忌 1
太高 1
划到 1
换成 1
法郎 1
虽差 1
不幸 1
错过 1
末班 1
改正 1
帐单 1
错误 1
超级市场 1
这趟 1
列车 1
留给 1
贵宾 1
大脑 1
看来 1
功能 1
半中腰 1
亭子 1
整天 1
断断续续 1
地下 1
著雨 1
驾驶员 1
超速 1
参观者 1
拍照 1
请原谅 1
字 1
大门 1
太窄 1
进不去 1
大为吃惊 1
脸上 1
露出 1
微笑 1
通用 1
上去 1
评价 1
私下 1
见解 1
误解 1
介绍 1
朋友 1
外边 1
见面 1
发展中国家 1
立刻 1
来杯 1
可口可乐 1
准确 1
流利地 1
腰部 1
太瘦 1
争取 1
总统 1
职位 1
人造纤维 1
上涂 1
苹果酱 1
业余 1
摄影 1
财富 1
并不一定 1
延长 1
不怎么样 1
爱用 1
牌子 1
牙膏 1
很大 1
次货 1
厂家 1
关系 1
敏感 1
问题 1
家人 1
沟通 1
长路 1
食欲 1
大振 1
独一无二 1
艺术作品 1
大石头 1
车票 1
急急忙忙 1
慢慢来 1
羊毛衫 1
洗后 1
缩水 1
说明 1
年龄 1
职业 1
一班 1
机票 1
咨询 1
费为 1
导游 1
栏杆 1
尖头 1
申报 1
纳税 1
进口 1
国产 1
淡水湖 1
许多种 1
风暴 1
渡假 1
租 1
一艘船 1
钓鱼 1
大群 1
到场 1
观看 1
控制 1
食谱 1
燕麦粥 1
漫漫 1
消失 1
密林 1
深处 1
探测 1
而成 1
白唇鹿 1
罕见 1
樱花 1
三点钟 1
煮熟 1
生吃 1
只要 1
即可 1
急转弯 1
注射 1
减轻 1
疼痛 1
胸痛 1
心脏病 1
症状 1
往 1
投币孔 1
投入 1
硬币 1
双臂 1
双腿 1
受伤 1
飞快 1
开走 1
大卫 1
家离 1
环球 1
很近 1
喂 1
这汤 1
咸 1
要花 1
7.50 1
瀑布 1
下游 1
吃剩 1
收去 1
这顶 1
相配 1
邮递 1
空白 1
栏中 1
首都 1
转弯 1
不见 1
喜剧 1
悲剧 1
供 1
妇女 1
专用 1
现今 1
时装 1
式样 1
变换 1
外婆 1
女仆 1
家务 1
活儿 1
最近 1
同学 1
开玩笑 1
公路桥 1
一刻 1
呆 1
乘飞机 1
紧张不安 1
淡季 1
一名 1
售票员 1
一碗 1
麦片粥 1
铅笔 1
每周五 1
读者 1
正面 1
石料 1
物价 1
显出 1
多大 1
变化 1
激光 1
做手术 1
邻居 1
从早到晚 1
开着 1
收音机 1
酬金 1
兔子 1
狐狸 1
别摸 1
极了 1
想不到 1
遇见 1
一口气 1
喝完 1
静静地 1
坐 1
国庆节 1
刚好 1
皮肤 1
过分 1
皱纹 1
帘幕 1
取 1
换 1
开五 1
票子 1
场地 1
坑坑洼洼 1
外逸 1
缓缓 1
来回 1
担保 1
一日 1
内 1
过量 1
身体 1
母象 1
比小象 1
重 1
一百倍 1
旅游业 1
八月份 1
达到 1
高峰 1
我常 1
看望 1
姑母 1
迁往 1
温暖 1
巧妙 1
魔术 1
确定 1
窃贼 1
身分 1
线索 1
赶时髦 1
花费 1
不少 1
地铁站 1
烛光 1
日光 1
黯淡 1
这片 1
浅滩 1
丢失 1
水晶项链 1
抽出 1
谈谈 1
游 1
完泳后 1
放松 1
标签 1
粘贴 1
手提箱 1
少数 1
岛上 1
轮船 1
星期三 1
提醒 1
树林 1
多么 1
令人 1
啊 1
明年 1
暑假 1
去一趟 1
晴 1
交易会 1
定于 1
5 1
30 1
日 1
闭幕 1
询问 1
就餐者 1
点菜 1
戏院 1
容纳 1
250 1
观光 1
巴士 1
券 1
爬 1
树 1
光 1
叶子 1
山坡 1
长满 1
花草 1
序曲 1
演奏 1
入座 1
灯塔 1
一分钟 1
信号 1
水中 1
映出 1
蔚蓝 1
夏威夷 1
群岛 1
属地 1
花瓣 1
绽放 1
叮嘱 1
我见 1
火山 1
喷发 1
熔岩流 1
山里 1
相通 1
玉山 1
渴死 1
客机 1
两 1
万英尺 1
高度 1
这药 1
保证 1
睡一觉 1
靠左 1
摇 1
几下 1
岛 1
纬度 1
北纬 1
三十度 1
树叶 1
绿色 1
黄褐色 1
风景优美 1
非 1
形容 1
无法形容 1
乘火车 1
长时间 1
受阻 1
出土文物 1
茶馆 1
首都剧场 1
上演 1
兑换 1
伦勃朗 1
徵 1
公尺 1
坐火车 1
重病号 1
谨慎 1
护士 1
确保 1
不遗余力 1
定期 1
英吉利海峡 1
从前 1
看过 1
芭蕾舞剧 1
直布罗陀 1
岩 1
网球 1
俱乐部 1
组织 1
舞会 1
一台 1
电脑 1
生日礼物 1
段 1
解释 1
拍 1
关于 1
小女儿 1
天使 1
可爱 1
手套 1
落 1
歇够 1
接著 1
放到 1
笛子 1
吹奏 1
一首 1
曲子 1
提 1
意见 1
来自 1
难民 1
留学生 1
太小 1
不肯 1
牛仔裤 1
逐字 1
原义 1
载重量 1
一吨 1
阁楼 1
展览会 1
太太 1
发脾气 1
谨向 1
表示 1
照 1
故事 1
美满 1
结局 1
显示 1
阿拉伯语 1
精通 1
正月 1
当中 1
最冷 1
月份 1
一整天 1
锄 1
园子 1
草 1
目前 1
一帆风顺 1
左手 1
戴 1
肥胖 1
大夫 1
停止 1
肉 1
寄给 1
此款 1
收据 1
记下 1
订票 1
端 1
一杯 1
稀 1
80 1
平方米 1
去不去 1
打电话 1
不下雨 1
照常 1
山区 1
别墅 1
古旧 1
再见面 1
装饰品 1
按此 1
函索 1
即 1
寄奉 1
样品 1
国际饭店 1
平均 1
降雪量 1
10 1
厘米 1
云彩 1
上空 1
停留 1
不散 1
长度 1
淡水河 1
十倍 1
北半球 1
三月 1
四月 1
黎明 1
起程 1
直驶 1
大理石 1
拱门 1
标志 1
木乃伊 1
天不晴 1
散步 1
我家 1
几步 1
路程 1
上画 1
午餐 1
星期五 1
好转 1
跟前 1
杭州 1
悠久 1
穿越 1
太平洋 1
赤着 1
海滩 1
走来走去 1
暴风雨 1
猛烈地 1
吹过 1
海面 1
大都 1
沿 1
商业 1
航线 1
飞 1
挺不错 1
免税商店 1
裤兜 1
钱包 1
偷 1
裸露 1
感染 1
每晚 1
同 1
椅子 1
唐朝 1
开明 1
著称 1
时期 1
一般而言 1
女性 1
寿命 1
男性 1
忍不住 1
玛丽和 1
热切 1
盼望 1
和服 1
民族服装 1
预测出 1
获胜 1
把握 1
胜似 1
常常 1
看电视 1
织毛衣 1
玩 1
打开 1
新鲜 1
音乐节 1
爱因斯坦 1
伟大 1
科学 1
快节奏 1
跳舞 1
信件 1
转到 1
证明 1
正确 1
学习 1
究竟 1
爱丁堡 1
北面 1
顶峰 1
攀登 1
热 1
七月 1
中旬 1
寄来 1
几张 1
用餐 1
洋溢 1
热情 1
友好 1
有没有 1
便利商店 1
起码 1
一方面 1
精美 1
脱掉 1
这满 1
泥浆 1
靴子 1
猎人 1
同意 1
打猎 1
泰晤士河 1
科茨 1
沃尔德 1
丘陵 1
忽略 1
迟到 1
可能性 1
足以 1
再付 1
年纪 1
京剧 1
深浅 1
不一 1
粉刷 1
血液 1
膝盖 1
凝固 1
大部分 1
中心 1
可供 1
达 1
500 1
来宾 1
住宿 1
体温 1
哎哟 1
烫伤 1
多到 1
走走 1
增广 1
见识 1
为了 1
延缓 1
吃晚饭 1
一处 1
平坦 1
地面 1
野餐 1
餐桌 1
该机 1
途中 1
劫持 1
潮水 1
退去 1
没带 1
现钱 1
春节 1
前买 1
鞭炮 1
电影院 1
不远 1
走到 1
随时 1
聚会 1
脑子 1
记不住 1
信息 1
雨水 1
破洞 1
哗哗 1
往下流 1
报刊杂志 1
刊登 1
名家 1
文章 1
听说 1
猫 1
死 1
难过 1
故乡 1
度过 1
孩提时代 1
公共场合 1
随便 1
吐痰 1
礼貌 1
每个 1
尽快 1
发财致富 1
阿根廷 1
牛肉 1
制品 1
出口国 1
委员会 1
赞助 1
星期一 1
价格合理 1
八条 1
大道 1
广场 1
辐射 1
形 1
伸展出去 1
雇 1
翻山越岭 1
所持 1
可使 1
享有 1
医疗 1
张票 1
作废 1
摄影机 1
好了吗 1
开拍 1
久 1
总算 1
上层 1
罗马 1
接待 1
数以百万计 1
上个月 1
挖出 1
一尊 1
雕像 1
这冰 1
厚度 1
禁得住 1
上边 1
滑冰 1
害羞 1
不敢 1
旅行者 1
交谈 1
好容易 1
填饱 1
肚子 1
钞票 1
零钱 1
件 1
混纺 1
的确良 1
衬衣 1
九块 1
收藏品 1
挑选 1
除夕之夜 1
各条 1
奶酪 1
蛋糕 1
可口 1
海关检查 1
只花 1
几分钟 1
不怎么 1
并不大 1
遵守 1
速度限制 1
恢复 1
惊讶 1
林先生 1
擦洗 1
摩托车 1
大多 1
坏天气 1
放在心上 1
眼睛 1
看出 1
喜悦 1
震惊 1
天仙 1
般的 1
美貌 1
总是 1
上以 1
十字形 1
记号 1
标出 1
无轨电车 1
电能 1
架空线 1
供给 1
携带 1
款额 1
有所 1
限制 1
百分之九十 1
温带 1
恶劣 1
阻止 1
挪 1
占 1
半张 1
凳子 1
啦 1
布满 1
花朵 1
迎接 1
王室 1
成员 1
莅临 1
这块 1
湿地 1
不够 1
坚实 1
上面 1
公道 1
合情合理 1
极好 1
联合王国 1
大不列颠 1
北爱尔兰 1
除夕 1
唱 1
美好 1
往日 1
传统 1
风俗 1
岁月 1
风雨 1
早已 1
磨掉 1
铭文 1
熟悉 1
我来 1
汇款 1
倘若 1
利用 1
星辰 1
引路 1
整顿饭 1
葡萄酒 1
更好 1
1880 1
献堂 1
礼 1
厉害 1
而且 1
鼻涕 1
定下 1
休假 1
东 1
西 1
当地 1
风景点 1
展览 1
未 1
认真 1
调查 1
仓促 1
做出 1
结论 1
本书 1
太难 1
高中生 1
忽视 1
操作规程 1
责备 1
五十年 1
老虎 1
数目 1
锐减 1
世界 1
大城市 1
交通堵塞 1
不会 1
签名 1
十字 1
静得 1
连 1
别针 1
落地 1
声音 1
听见 1
过滤 1
一见 1
小孩 1
便 1
猛 1
踩 1
刹车 1
老同学 1
酒杯 1
出售 1
玉上 1
瑕疵 1
办理 1
每项 1
业务 1
收取 1
有趣 1
旧 1
好哇 1
何不 1
海边 1
玩玩 1
紧 1
胡乱 1
顿 1
小吃 1
避开 1
向右转 1
弯 1
中世纪 1
典型 1
实例 1
运输系统 1
重要性 1
逐渐 1
建造 1
镇 1
重要 1
直布罗陀海峡 1
通向 1
地中海 1
必经之路 1
红色 1
有着 1
丰富 1
经历 1
风势 1
减弱 1
较为 1
长途汽车 1
唯一 1
可取之处 1
旅费 1
神庙 1
古典式 1
范例 1
座 1
岛屿 1
不可否认 1
魔术师 1
旅行社 1
小姐 1
开门 1
汉堡 1
华丽 1
喷泉 1
大路 1
分岔 1
口向 1
右 1
预报 1
湿度 1
百分之六十 1
没闸 1
火车时刻 1
编排 1
渡轮 1
时刻 1
衔接 1
衣兜 1
拿出 1
讲 1
多年 1
刻苦 1
操练 1
我会 1
陪 1
身边 1
那样 1
9 1
点到 1
太长 1
煮成 1
糊 1
一场 1
国际象棋 1
摇晃 1
沉淀 1
搅 1
穿过 1
呼吸 1
松树 1
芳香 1
尝尝 1
这道 1
咖喱 1
够不够 1
辣 1
打扰 1
怎 1
难 1
助手 1
出席 1
摆脱 1
束缚 1
诉说 1
失眠 1
症 1
瓶盖 1
儿盖 1
汁液 1
洒 1
寓所 1
床位 1
停车 1
此处 1
居民 1
特有 1
权利 1
麻雀 1
鸟 1
去年 1
六十年 1
未遇 1
旱灾 1
除酒 1
烟草 1
多数 1
徵税 1
留到 1
早饭 1
当局 1
重新 1
检查 1
安全措施 1
报价 1
暴风雪 1
简直 1
疯狂 1
那次 1
行进 1
航行 1
终于 1
早就 1
以便 1
赶上 1
头班 1
听候 1
进一步 1
指示 1
看戏 1
可惜 1
通知 1
生起 1
火 1
暖烘烘 1
烟雾 1
躲 1
走廊 1
选择 1
德国 1
西班牙 1
沿着 1
人迹罕至 1
寺庙 1
普拉 1
扎 1
两夜 1
代表性 1
本地 1
特产 1
留神 1
响尾蛇 1
偷偷 1
塞 1
以求 1
桌位 1
可得 1
安静 1
要不然 1
没法 1
计算 1
跑步 1
训练 1
解放后 1
农业 1
发展 1
足球赛 1
主罚 1
踢进 1
球 1
我国 1
一般 1
家里 1
集中供热 1
设备 1
实行 1
糟糕透顶 1
年轻 1
作品 1
几家 1
美术馆 1
园林 1
卫队 1
保护 1
看守者 1
学会 1
好几种 1
外语 1
圣诞节 1
饮品 1
常为 1
白葡萄酒 1
混合物 1
关 1
迫害 1
迟早 1
丢饭碗 1
他开 1
疯子 1
不定 1
哪天 1
撞死 1
匆匆忙忙 1
做事 1
出差错 1
觉醒 1
不翼而飞 1
贵姓 1
及 1
大名 1
头 1
字母 1
公共 1
教育史 1
早期 1
拓荒者 1
社会 1
樱桃 1
草莓 1
哥特式 1
吸引 1
世界各地 1
一面镜子 1
另一边 1
挂 1
详细情况 1
这份 1
色拉 1
梨 1
芹菜 1
惦记 1
不久 1
贵重物品 1
保险柜 1
菠菜 1
有益 1
零碎 1
收拾 1
快来 1
口 1
哪一条 1
天气晴朗 1
塔顶 1
上能 1
三 1
站台 1
开出 1
地震 1
暂停 1
一位 1
空中小姐 1
过来 1
住客 1
各种各样 1
娱乐活动 1
女儿 1
上学 1
这位 1
演说者 1
除了 1
搞笑 1
别的 1
目的 1
看中 1
评论家 1
严厉 1
批评 1
读书 1
最起码 1
掌握 1
那种 1
购房 1
分期付款 1
中有 1
中场 1
稍事 1
台北 1
故宫博物院 1
牛 1
溪边 1
饮水 1
迷人 1
田园风光 1
未必 1
供应 1
向前 1
约莫 1
半英里 1
体育场 1
有什 1
喜好 1
舞台灯光 1
暗 1
第一幕 1
结束 1
辣味 1
开胃 1
尝 1
辛辣 1
美味 1
佐料 1
则 1
理应 1
制造商 1
提出 1
控诉 1
自由市场 1
男人 1
卖 1
坏 1
鸡蛋 1
骗 1
公路 1
干线 1
遭水 1
淹没 1
择 1
乡间 1
绕行 1
民族 1
遗产 1
围绕 1
庭院 1
而建 1
辅以 1
泉水 1
棕榈树 1
布置 1
黄色 1
家具 1
显眼 1
这次 1
了解 1
风土人情 1
拥有 1
弹钢琴 1
乐谱 1
即兴 1
伴奏 1
买入价 1
864 1
元 1
人民币 1
飞机场 1
之间 1
穿梭 1
班车 1
八点钟 1
九点钟 1
值班 1
完 1
感到 1
困 1
一到 1
精神 1
生 1
看成 1
家乡 1
出色 1
作家 1
不妨 1
学学 1
写作 1
妈妈 1
夜班 1
迟到者 1
随著 1
流逝 1
记忆力 1
越来越 1
盛大 1
庆祝 1
胜利 1
时间表 1
频繁 1
42 1
名 1
经过训练 1
医务人员 1
这部 1
画面 1
加上 1
那天 1
原本 1
带伞 1
尼亚岛 1
发现者 1
命名 1
假日 1
过得 1
惬意 1
搭乘 1
便车 1
往南去 1
常走 1
英格兰队 1
改进 1
打法 1
输掉 1
神经质 1
妻子 1
稳重 1
节目 1
发表意见 1
机会 1
车 1
发动 1
碰巧 1
路过 1
求助 1
恰恰 1
登上 1
踏板 1
车子 1
开动 1
算进去 1
宽敞 1
8000 1
多件 1
珍贵文物 1
那边 1
蒙上 1
一层 1
紫禁城 1
吸引力 1
缆车 1
终点站 1
渔民 1
之埠 1
付帐 1
收 1
巴布亚 1
湾 1
巴布亚新几内亚 1
东南部 1
海湾 1
剧 1
比利 1
招待券 1
自从 1
上次 1
认不出来 1
兰色 1
耀眼 1
背景 1
衬托 1
顶 1
灰色 1
较往年 1
来得 1
伙食费 1
每人 1
五顿 1
四顿 1
年终 1
联欢会 1
季节 1
几乎 1
计程车 1
伞 1
以防万一 1
下列 1
一仲 1
或用 1
不长 1
凑合 1
著说 1
几句 1
喝得 1
太多 1
在座 1
除外 1
匆忙 1
甚至 1
道别 1
宾客 1
程度 1
宾馆 1
管理 1
沼泽地 1
隔断 1
外界 1
单人 1
皇宫 1
时先要 1
等候 1
由人 1
正殿 1
精细 1
切割成 1
多个 1
面 1
形式 1
尤指 1
钻石 1
打 1
01 1
坐落 1
优美 1
高山 1
湖畔 1
洋溢着 1
浪漫 1
双方 1
尽力 1
优质产品 1
同时 1
最佳 1
押金 1
承认 1
宣传 1
手册 1
内容 1
有误 1
饭馆 1
烹饪 1
水平 1
大不如前 1
主意 1
汉堡包 1
夹克衫 1
尺寸 1
早到 1
因此 1
稳妥 1
贵重 1
轻视 1
中间 1
点心 1
如 1
冰激凌 1
炸土豆片 1
巧克力 1
流行歌曲 1
纷纷 1
四面八方 1
音乐会 1
聚集 1
饰物 1
手工 1
结合 1
价值 1
白杨树 1
下面 1
遮阴 1
兹 1
经过 1
修订 1
商品目录 1
贵方 1
工作人员 1
无微不至 1
尽量 1
女士们 1
: 1
请别 1
诸位 1
大力协助 1
沿海地区 1
可是 1
相比之下 1
中部 1
平原 1
异常 1
羽绒被 1
换洗 1
被罩 1
被子 1
被褥 1
床单 1
近代史 1
一八 1
六年 1
统一 1
隔著 1
公寓 1
大楼 1
大海 1
一览无遗 1
季风 1
南方 1
大量 1
降雨 1
吵杂 1
来往 1
大马路 1
大体上 1
宜人 1
不太热 1
太冷 1
一封 1
信给 1
部门 1
总得 1
支持 1
提高 1
登记簿 1
翻 1
采购员 1
已登记 1
瓜形 1
两层 1
多层 1
风味 1
球形 1
或瓜形 1
托马斯 1
· 1
莫尔 1
爵士 1
作为 1
乌托邦 1
作者 1
留在 1
记忆 1
之中 1
希伯莱 1
圣经 1
托位 1
包括 1
伯莱 1
经典 1
大部 1
书籍 1
用于 1
宗教仪式 1
时向 1
布道 1
武夷 1
起初 1
精选 1
高等级 1
品 1
后来 1
较差 1
烟斗 1
烟筒 1
抽烟 1
用具 1
粘土 1
物质 1
管子 1
带有 1
小吹嘴 1
磨房 1
笨重 1
石磨 1
麦 1
磨成 1
面粉 1
比较 1
机械 1
SheratonHotel 1
北边 1
两条 1
荷兰 1
拦海 1
造田 1
开垦 1
成千上万 1
公顷 1
可耕地 1
牧场 1
数量 1
订购 1
以比 1
内所订 1
低 1
批发 1
折扣 1
采购 1
小型 1
柜台 1
生产 1
优良 1
款式 1
新颖 1
市场 1
上将 1
大受欢迎 1
卢西 1
塔尼亚 1
古代 1
古 1
罗马帝国 1
伊伯 1
利亚 1
半岛 1
省份 1
大致 1
相当于 1
葡萄牙 1
我花 1
５ 1
０ 1
商场 1
所谓 1
结果 1
却是 1
一文不值 1
此事 1
引 1
以为 1
训 1
建议 1
办法 1
送 1
回到 1
礼物 1
贝西 1
奖 1
自 1
1984 1
“ 1
纽约市 1
创作室 1
” 1
颁发 1
奖项 1
表演艺术 1
方面 1
取得 1
成就 1
设立 1
装备 1
夜间 1
飞行员 1
能够 1
屏幕 1
远处 1
几英里 1
远 1
险峻 1
蒂 1
卡尔 1
危地马拉 1
废城 1
曾 1
修复 1
1956 1
伊 1
卡罗斯 1
达罗斯 1
儿子 1
乘着 1
人工 1
逃离 1
克里特 1
太近 1
以致 1
粘 1
蜡 1
爱琴海 1
熄灭 1
紧张 1
机长 1
只不过 1
电气 1
修好 1
放下 1
心来 1
费尔 1
菲尔德 1
康涅狄格 1
跨 1
长岛 1
海峡 1
布里奇 1
波特 1
1639 1
建立 1
住宅区 1
多样化 1
轻工业 1
人口 1
53 1
418 1
减去 1
能源 1
这两项 1
每月 1
大幅 1
成品 1
价格指数 1
以略 1
攀升 1
百分 1
四 1
相形之下 1
四月份 1
仅 1
上升 1
二 1
